Device: cuda
Grid: 8×8 = 64 patches
Embed dim: 768, Feature per patch: 768
Loaded 256 reference indices from /content/drive/MyDrive/ads_protocol_robustness_cifar_n12/data/ads_ref_indices_cifar100.json
Reference set: 256 images
Layer-wise Positional Probing — Residual Stream
PE types: ['alibi', 'alibi_2d', 'alibi_2d_matched'], Seeds: [1, 5, 7, 11, 13, 21, 42, 99, 123, 456, 2024, 31337]
Feature: residual stream patch activations, dim=768
CV: image-level GroupKFold, 5 folds
Samples: 256 images × 64 patches = 16384


============================================================
PE TYPE: ALIBI
============================================================

  Seed 1:
    Extracting residual stream activations...
    Samples: 16384 (256 images × 64 patches)
    Feature dim: 768

      Layer     R²(row)     R²(col)    R²(mean)
    ---------------------------------------------
    Layer  1:      0.6783      0.0554      0.3669
    Layer  2:      0.8217      0.0397      0.4307
    Layer  3:      0.9573      0.0213      0.4893
    Layer  4:      0.9599      0.0068      0.4834 ← L4
    Layer  5:      0.9587     -0.0000      0.4793
    Layer  6:      0.9580     -0.0063      0.4759
    Layer  7:      0.9560     -0.0025      0.4768
    Layer  8:      0.9540     -0.0018      0.4761
    Layer  9:      0.9517     -0.0045      0.4736
    Layer 10:      0.9494     -0.0078      0.4708
    Layer 11:      0.9452     -0.0052      0.4700
    Layer 12:      0.9415     -0.0017      0.4699

    → Peak: Layer 3 (R²=0.4893)

  Seed 5:
    Extracting residual stream activations...
    Samples: 16384 (256 images × 64 patches)
    Feature dim: 768

      Layer     R²(row)     R²(col)    R²(mean)
    ---------------------------------------------
    Layer  1:      0.7048      0.0617      0.3832
    Layer  2:      0.9234      0.0379      0.4806
    Layer  3:      0.9333      0.0179      0.4756
    Layer  4:      0.9388      0.0113      0.4751 ← L4
    Layer  5:      0.9609      0.0042      0.4826
    Layer  6:      0.9597      0.0013      0.4805
    Layer  7:      0.9580      0.0029      0.4804
    Layer  8:      0.9563      0.0056      0.4809
    Layer  9:      0.9547      0.0024      0.4786
    Layer 10:      0.9543      0.0001      0.4772
    Layer 11:      0.9521      0.0037      0.4779
    Layer 12:      0.9483      0.0090      0.4786

    → Peak: Layer 5 (R²=0.4826)

  Seed 7:
    Extracting residual stream activations...
    Samples: 16384 (256 images × 64 patches)
    Feature dim: 768

      Layer     R²(row)     R²(col)    R²(mean)
    ---------------------------------------------
    Layer  1:      0.7286      0.0548      0.3917
    Layer  2:      0.7766      0.0291      0.4029
    Layer  3:      0.9142      0.0216      0.4679
    Layer  4:      0.9493      0.0090      0.4791 ← L4
    Layer  5:      0.9508     -0.0022      0.4743
    Layer  6:      0.9507     -0.0086      0.4710
    Layer  7:      0.9500     -0.0033      0.4733
    Layer  8:      0.9488     -0.0026      0.4731
    Layer  9:      0.9475     -0.0014      0.4731
    Layer 10:      0.9454     -0.0032      0.4711
    Layer 11:      0.9416     -0.0060      0.4678
    Layer 12:      0.9392     -0.0063      0.4664

    → Peak: Layer 4 (R²=0.4791)

  Seed 11:
    Extracting residual stream activations...
    Samples: 16384 (256 images × 64 patches)
    Feature dim: 768

      Layer     R²(row)     R²(col)    R²(mean)
    ---------------------------------------------
    Layer  1:      0.7611      0.0659      0.4135
    Layer  2:      0.9298      0.0403      0.4850
    Layer  3:      0.9390      0.0264      0.4827
    Layer  4:      0.9500      0.0330      0.4915 ← L4
    Layer  5:      0.9520      0.0231      0.4875
    Layer  6:      0.9504      0.0129      0.4816
    Layer  7:      0.9496      0.0123      0.4810
    Layer  8:      0.9483      0.0035      0.4759
    Layer  9:      0.9470      0.0047      0.4758
    Layer 10:      0.9467      0.0038      0.4752
    Layer 11:      0.9448     -0.0033      0.4708
    Layer 12:      0.9403     -0.0067      0.4668

    → Peak: Layer 4 (R²=0.4915)

  Seed 13:
    Extracting residual stream activations...
    Samples: 16384 (256 images × 64 patches)
    Feature dim: 768

      Layer     R²(row)     R²(col)    R²(mean)
    ---------------------------------------------
    Layer  1:      0.7331      0.0561      0.3946
    Layer  2:      0.8649      0.0372      0.4510
    Layer  3:      0.8803      0.0250      0.4526
    Layer  4:      0.9579      0.0183      0.4881 ← L4
    Layer  5:      0.9564      0.0133      0.4848
    Layer  6:      0.9551      0.0126      0.4839
    Layer  7:      0.9540      0.0043      0.4792
    Layer  8:      0.9528      0.0085      0.4806
    Layer  9:      0.9509      0.0095      0.4802
    Layer 10:      0.9497      0.0070      0.4784
    Layer 11:      0.9479      0.0073      0.4776
    Layer 12:      0.9444      0.0100      0.4772

    → Peak: Layer 4 (R²=0.4881)

  Seed 21:
    Extracting residual stream activations...
    Samples: 16384 (256 images × 64 patches)
    Feature dim: 768

      Layer     R²(row)     R²(col)    R²(mean)
    ---------------------------------------------
    Layer  1:      0.7333      0.0626      0.3980
    Layer  2:      0.8126      0.0432      0.4279
    Layer  3:      0.9460      0.0221      0.4841
    Layer  4:      0.9519      0.0233      0.4876 ← L4
    Layer  5:      0.9613      0.0187      0.4900
    Layer  6:      0.9603      0.0185      0.4894
    Layer  7:      0.9568      0.0153      0.4860
    Layer  8:      0.9551      0.0091      0.4821
    Layer  9:      0.9535      0.0098      0.4817
    Layer 10:      0.9514      0.0071      0.4793
    Layer 11:      0.9487      0.0137      0.4812
    Layer 12:      0.9436      0.0142      0.4789

    → Peak: Layer 5 (R²=0.4900)

  Seed 42:
    Extracting residual stream activations...
    Samples: 16384 (256 images × 64 patches)
    Feature dim: 768

      Layer     R²(row)     R²(col)    R²(mean)
    ---------------------------------------------
    Layer  1:      0.9433      0.0693      0.5063
    Layer  2:      0.9624      0.0424      0.5024
    Layer  3:      0.9620      0.0292      0.4956
    Layer  4:      0.9595      0.0172      0.4883 ← L4
    Layer  5:      0.9576      0.0126      0.4851
    Layer  6:      0.9569      0.0070      0.4820
    Layer  7:      0.9542      0.0008      0.4775
    Layer  8:      0.9525      0.0037      0.4781
    Layer  9:      0.9507      0.0020      0.4763
    Layer 10:      0.9483      0.0011      0.4747
    Layer 11:      0.9444      0.0014      0.4729
    Layer 12:      0.9407      0.0044      0.4725

    → Peak: Layer 1 (R²=0.5063)

  Seed 99:
    Extracting residual stream activations...
    Samples: 16384 (256 images × 64 patches)
    Feature dim: 768

      Layer     R²(row)     R²(col)    R²(mean)
    ---------------------------------------------
    Layer  1:      0.7277      0.0536      0.3906
    Layer  2:      0.7797      0.0264      0.4031
    Layer  3:      0.9392      0.0237      0.4815
    Layer  4:      0.9519      0.0126      0.4822 ← L4
    Layer  5:      0.9621      0.0089      0.4855
    Layer  6:      0.9601      0.0061      0.4831
    Layer  7:      0.9572     -0.0051      0.4760
    Layer  8:      0.9559     -0.0046      0.4756
    Layer  9:      0.9540     -0.0056      0.4742
    Layer 10:      0.9525     -0.0081      0.4722
    Layer 11:      0.9503     -0.0062      0.4721
    Layer 12:      0.9466     -0.0088      0.4689

    → Peak: Layer 5 (R²=0.4855)

  Seed 123:
    Extracting residual stream activations...
    Samples: 16384 (256 images × 64 patches)
    Feature dim: 768

      Layer     R²(row)     R²(col)    R²(mean)
    ---------------------------------------------
    Layer  1:      0.6937      0.0619      0.3778
    Layer  2:      0.7554      0.0349      0.3951
    Layer  3:      0.9460      0.0203      0.4832
    Layer  4:      0.9565      0.0099      0.4832 ← L4
    Layer  5:      0.9552      0.0110      0.4831
    Layer  6:      0.9539      0.0053      0.4796
    Layer  7:      0.9562      0.0001      0.4782
    Layer  8:      0.9541     -0.0034      0.4754
    Layer  9:      0.9529     -0.0041      0.4744
    Layer 10:      0.9508      0.0006      0.4757
    Layer 11:      0.9491      0.0001      0.4746
    Layer 12:      0.9464      0.0035      0.4749

    → Peak: Layer 4 (R²=0.4832)

  Seed 456:
    Extracting residual stream activations...
    Samples: 16384 (256 images × 64 patches)
    Feature dim: 768

      Layer     R²(row)     R²(col)    R²(mean)
    ---------------------------------------------
    Layer  1:      0.6912      0.0682      0.3797
    Layer  2:      0.9223      0.0406      0.4814
    Layer  3:      0.9388      0.0214      0.4801
    Layer  4:      0.9563      0.0168      0.4866 ← L4
    Layer  5:      0.9559      0.0028      0.4794
    Layer  6:      0.9543     -0.0046      0.4749
    Layer  7:      0.9506     -0.0034      0.4736
    Layer  8:      0.9482     -0.0046      0.4718
    Layer  9:      0.9464     -0.0119      0.4673
    Layer 10:      0.9447     -0.0122      0.4663
    Layer 11:      0.9421     -0.0109      0.4656
    Layer 12:      0.9371     -0.0098      0.4637

    → Peak: Layer 4 (R²=0.4866)

  Seed 2024:
    Extracting residual stream activations...
    Samples: 16384 (256 images × 64 patches)
    Feature dim: 768

      Layer     R²(row)     R²(col)    R²(mean)
    ---------------------------------------------
    Layer  1:      0.7129      0.0603      0.3866
    Layer  2:      0.8126      0.0319      0.4223
    Layer  3:      0.9518      0.0288      0.4903
    Layer  4:      0.9613      0.0242      0.4927 ← L4
    Layer  5:      0.9603      0.0173      0.4888
    Layer  6:      0.9589      0.0096      0.4843
    Layer  7:      0.9559      0.0120      0.4839
    Layer  8:      0.9538      0.0090      0.4814
    Layer  9:      0.9523      0.0043      0.4783
    Layer 10:      0.9515     -0.0012      0.4752
    Layer 11:      0.9502     -0.0028      0.4737
    Layer 12:      0.9461     -0.0057      0.4702

    → Peak: Layer 4 (R²=0.4927)

  Seed 31337:
    Extracting residual stream activations...
    Samples: 16384 (256 images × 64 patches)
    Feature dim: 768

      Layer     R²(row)     R²(col)    R²(mean)
    ---------------------------------------------
    Layer  1:      0.6910      0.0615      0.3763
    Layer  2:      0.9157      0.0372      0.4764
    Layer  3:      0.9305      0.0239      0.4772
    Layer  4:      0.9381      0.0161      0.4771 ← L4
    Layer  5:      0.9546      0.0043      0.4794
    Layer  6:      0.9566      0.0024      0.4795
    Layer  7:      0.9542      0.0002      0.4772
    Layer  8:      0.9538      0.0017      0.4778
    Layer  9:      0.9524      0.0036      0.4780
    Layer 10:      0.9511     -0.0002      0.4755
    Layer 11:      0.9488      0.0030      0.4759
    Layer 12:      0.9457      0.0052      0.4754

    → Peak: Layer 6 (R²=0.4795)

  Saved to /content/drive/MyDrive/ads_protocol_robustness_cifar_n12/data/ads_probing_residual_cifar100_canonical_n12.json

============================================================
PE TYPE: ALIBI_2D
============================================================

  Seed 1:
    Extracting residual stream activations...
    Samples: 16384 (256 images × 64 patches)
    Feature dim: 768

      Layer     R²(row)     R²(col)    R²(mean)
    ---------------------------------------------
    Layer  1:      0.2263      0.0700      0.1482
    Layer  2:      0.3807     -0.0169      0.1819
    Layer  3:      0.5660     -0.0723      0.2468
    Layer  4:      0.8253     -0.0929      0.3662 ← L4
    Layer  5:      0.8961     -0.1142      0.3910
    Layer  6:      0.9199     -0.1103      0.4048
    Layer  7:      0.9323     -0.1210      0.4056
    Layer  8:      0.9362     -0.1200      0.4081
    Layer  9:      0.9338     -0.1134      0.4102
    Layer 10:      0.9310     -0.1160      0.4075
    Layer 11:      0.9264     -0.1097      0.4083
    Layer 12:      0.9238     -0.1013      0.4112

    → Peak: Layer 12 (R²=0.4112)

  Seed 5:
    Extracting residual stream activations...
    Samples: 16384 (256 images × 64 patches)
    Feature dim: 768

      Layer     R²(row)     R²(col)    R²(mean)
    ---------------------------------------------
    Layer  1:      0.2506      0.0895      0.1700
    Layer  2:      0.4095     -0.0005      0.2045
    Layer  3:      0.5736     -0.0433      0.2651
    Layer  4:      0.8326     -0.0708      0.3809 ← L4
    Layer  5:      0.8921     -0.0873      0.4024
    Layer  6:      0.9182     -0.1007      0.4088
    Layer  7:      0.9271     -0.1114      0.4079
    Layer  8:      0.9324     -0.1073      0.4125
    Layer  9:      0.9298     -0.1022      0.4138
    Layer 10:      0.9282     -0.1102      0.4090
    Layer 11:      0.9247     -0.1030      0.4109
    Layer 12:      0.9223     -0.0972      0.4125

    → Peak: Layer 9 (R²=0.4138)

  Seed 7:
    Extracting residual stream activations...
    Samples: 16384 (256 images × 64 patches)
    Feature dim: 768

      Layer     R²(row)     R²(col)    R²(mean)
    ---------------------------------------------
    Layer  1:      0.2521      0.1258      0.1890
    Layer  2:      0.5187      0.0228      0.2708
    Layer  3:      0.6231     -0.0324      0.2953
    Layer  4:      0.8430     -0.0520      0.3955 ← L4
    Layer  5:      0.8965     -0.0764      0.4101
    Layer  6:      0.9148     -0.0912      0.4118
    Layer  7:      0.9175     -0.0883      0.4146
    Layer  8:      0.9182     -0.0837      0.4172
    Layer  9:      0.9184     -0.0864      0.4160
    Layer 10:      0.9169     -0.0859      0.4155
    Layer 11:      0.9132     -0.0934      0.4099
    Layer 12:      0.9101     -0.0866      0.4117

    → Peak: Layer 8 (R²=0.4172)

  Seed 11:
    Extracting residual stream activations...
    Samples: 16384 (256 images × 64 patches)
    Feature dim: 768

      Layer     R²(row)     R²(col)    R²(mean)
    ---------------------------------------------
    Layer  1:      0.2215      0.0852      0.1534
    Layer  2:      0.4247     -0.0143      0.2052
    Layer  3:      0.6100     -0.0655      0.2722
    Layer  4:      0.8553     -0.0854      0.3849 ← L4
    Layer  5:      0.9109     -0.0927      0.4091
    Layer  6:      0.9256     -0.1052      0.4102
    Layer  7:      0.9356     -0.1127      0.4115
    Layer  8:      0.9352     -0.1110      0.4121
    Layer  9:      0.9347     -0.1100      0.4124
    Layer 10:      0.9322     -0.1007      0.4158
    Layer 11:      0.9286     -0.1037      0.4125
    Layer 12:      0.9252     -0.1052      0.4100

    → Peak: Layer 10 (R²=0.4158)

  Seed 13:
    Extracting residual stream activations...
    Samples: 16384 (256 images × 64 patches)
    Feature dim: 768

      Layer     R²(row)     R²(col)    R²(mean)
    ---------------------------------------------
    Layer  1:      0.2682      0.0804      0.1743
    Layer  2:      0.5394      0.0003      0.2699
    Layer  3:      0.7219     -0.0458      0.3381
    Layer  4:      0.8454     -0.0638      0.3908 ← L4
    Layer  5:      0.8882     -0.0855      0.4013
    Layer  6:      0.9189     -0.1013      0.4088
    Layer  7:      0.9236     -0.1144      0.4046
    Layer  8:      0.9240     -0.1046      0.4097
    Layer  9:      0.9223     -0.0939      0.4142
    Layer 10:      0.9207     -0.0900      0.4153
    Layer 11:      0.9167     -0.0893      0.4137
    Layer 12:      0.9145     -0.0884      0.4131

    → Peak: Layer 10 (R²=0.4153)

  Seed 21:
    Extracting residual stream activations...
    Samples: 16384 (256 images × 64 patches)
    Feature dim: 768

      Layer     R²(row)     R²(col)    R²(mean)
    ---------------------------------------------
    Layer  1:      0.2305      0.0414      0.1359
    Layer  2:      0.4184     -0.0267      0.1959
    Layer  3:      0.7218     -0.0654      0.3282
    Layer  4:      0.8386     -0.0864      0.3761 ← L4
    Layer  5:      0.9155     -0.0901      0.4127
    Layer  6:      0.9286     -0.0956      0.4165
    Layer  7:      0.9379     -0.0990      0.4195
    Layer  8:      0.9358     -0.0992      0.4183
    Layer  9:      0.9360     -0.0972      0.4194
    Layer 10:      0.9351     -0.0941      0.4205
    Layer 11:      0.9303     -0.0915      0.4194
    Layer 12:      0.9283     -0.0946      0.4168

    → Peak: Layer 10 (R²=0.4205)

  Seed 42:
    Extracting residual stream activations...
    Samples: 16384 (256 images × 64 patches)
    Feature dim: 768

      Layer     R²(row)     R²(col)    R²(mean)
    ---------------------------------------------
    Layer  1:      0.2534      0.0560      0.1547
    Layer  2:      0.4482     -0.0183      0.2149
    Layer  3:      0.5972     -0.0621      0.2675
    Layer  4:      0.8257     -0.0764      0.3746 ← L4
    Layer  5:      0.8948     -0.0988      0.3980
    Layer  6:      0.9177     -0.1204      0.3986
    Layer  7:      0.9194     -0.1404      0.3895
    Layer  8:      0.9249     -0.1353      0.3948
    Layer  9:      0.9257     -0.1364      0.3946
    Layer 10:      0.9246     -0.1426      0.3910
    Layer 11:      0.9205     -0.1351      0.3927
    Layer 12:      0.9174     -0.1411      0.3881

    → Peak: Layer 6 (R²=0.3986)

  Seed 99:
    Extracting residual stream activations...
    Samples: 16384 (256 images × 64 patches)
    Feature dim: 768

      Layer     R²(row)     R²(col)    R²(mean)
    ---------------------------------------------
    Layer  1:      0.2273      0.0503      0.1388
    Layer  2:      0.4156     -0.0171      0.1993
    Layer  3:      0.5519     -0.0715      0.2402
    Layer  4:      0.8474     -0.0875      0.3800 ← L4
    Layer  5:      0.8970     -0.1045      0.3962
    Layer  6:      0.9219     -0.1089      0.4065
    Layer  7:      0.9210     -0.1097      0.4057
    Layer  8:      0.9228     -0.1128      0.4050
    Layer  9:      0.9212     -0.1164      0.4024
    Layer 10:      0.9182     -0.1231      0.3976
    Layer 11:      0.9128     -0.1141      0.3993
    Layer 12:      0.9096     -0.1119      0.3988

    → Peak: Layer 6 (R²=0.4065)

  Seed 123:
    Extracting residual stream activations...
    Samples: 16384 (256 images × 64 patches)
    Feature dim: 768

      Layer     R²(row)     R²(col)    R²(mean)
    ---------------------------------------------
    Layer  1:      0.2177      0.1145      0.1661
    Layer  2:      0.3591      0.0126      0.1858
    Layer  3:      0.5441     -0.0316      0.2562
    Layer  4:      0.8515     -0.0613      0.3951 ← L4
    Layer  5:      0.9122     -0.0723      0.4199
    Layer  6:      0.9304     -0.0849      0.4228
    Layer  7:      0.9378     -0.0979      0.4200
    Layer  8:      0.9417     -0.0974      0.4222
    Layer  9:      0.9385     -0.1084      0.4150
    Layer 10:      0.9360     -0.1048      0.4156
    Layer 11:      0.9320     -0.1075      0.4123
    Layer 12:      0.9281     -0.1078      0.4101

    → Peak: Layer 6 (R²=0.4228)

  Seed 456:
    Extracting residual stream activations...
    Samples: 16384 (256 images × 64 patches)
    Feature dim: 768

      Layer     R²(row)     R²(col)    R²(mean)
    ---------------------------------------------
    Layer  1:      0.2510      0.0641      0.1575
    Layer  2:      0.4346     -0.0085      0.2131
    Layer  3:      0.6095     -0.0525      0.2785
    Layer  4:      0.8516     -0.0759      0.3879 ← L4
    Layer  5:      0.9156     -0.0872      0.4142
    Layer  6:      0.9333     -0.0965      0.4184
    Layer  7:      0.9404     -0.1033      0.4186
    Layer  8:      0.9386     -0.1145      0.4121
    Layer  9:      0.9354     -0.1058      0.4148
    Layer 10:      0.9334     -0.1058      0.4138
    Layer 11:      0.9295     -0.0967      0.4164
    Layer 12:      0.9260     -0.0972      0.4144

    → Peak: Layer 7 (R²=0.4186)

  Seed 2024:
    Extracting residual stream activations...
    Samples: 16384 (256 images × 64 patches)
    Feature dim: 768

      Layer     R²(row)     R²(col)    R²(mean)
    ---------------------------------------------
    Layer  1:      0.2430      0.0836      0.1633
    Layer  2:      0.3893     -0.0057      0.1918
    Layer  3:      0.5482     -0.0518      0.2482
    Layer  4:      0.8404     -0.0712      0.3846 ← L4
    Layer  5:      0.8980     -0.0814      0.4083
    Layer  6:      0.9299     -0.0929      0.4185
    Layer  7:      0.9397     -0.0939      0.4229
    Layer  8:      0.9419     -0.1004      0.4207
    Layer  9:      0.9414     -0.0985      0.4215
    Layer 10:      0.9380     -0.0959      0.4211
    Layer 11:      0.9359     -0.0900      0.4229
    Layer 12:      0.9340     -0.0831      0.4255

    → Peak: Layer 12 (R²=0.4255)

  Seed 31337:
    Extracting residual stream activations...
    Samples: 16384 (256 images × 64 patches)
    Feature dim: 768

      Layer     R²(row)     R²(col)    R²(mean)
    ---------------------------------------------
    Layer  1:      0.2701      0.0597      0.1649
    Layer  2:      0.4829     -0.0287      0.2271
    Layer  3:      0.6144     -0.0596      0.2774
    Layer  4:      0.8351     -0.0890      0.3731 ← L4
    Layer  5:      0.8927     -0.0929      0.3999
    Layer  6:      0.9147     -0.1148      0.3999
    Layer  7:      0.9183     -0.1201      0.3991
    Layer  8:      0.9197     -0.1149      0.4024
    Layer  9:      0.9191     -0.1164      0.4014
    Layer 10:      0.9156     -0.1167      0.3995
    Layer 11:      0.9107     -0.1081      0.4013
    Layer 12:      0.9086     -0.1085      0.4001

    → Peak: Layer 8 (R²=0.4024)

  Saved to /content/drive/MyDrive/ads_protocol_robustness_cifar_n12/data/ads_probing_residual_cifar100_canonical_n12.json

============================================================
PE TYPE: ALIBI_2D_MATCHED
============================================================

  Seed 1:
    Extracting residual stream activations...
    Samples: 16384 (256 images × 64 patches)
    Feature dim: 768

      Layer     R²(row)     R²(col)    R²(mean)
    ---------------------------------------------
    Layer  1:      0.1383      0.0792      0.1087
    Layer  2:      0.4656     -0.0080      0.2288
    Layer  3:      0.7873     -0.0461      0.3706
    Layer  4:      0.8924     -0.0878      0.4023 ← L4
    Layer  5:      0.9305     -0.1126      0.4090
    Layer  6:      0.9439     -0.1346      0.4047
    Layer  7:      0.9461     -0.1420      0.4020
    Layer  8:      0.9465     -0.1547      0.3959
    Layer  9:      0.9445     -0.1545      0.3950
    Layer 10:      0.9423     -0.1492      0.3965
    Layer 11:      0.9372     -0.1384      0.3994
    Layer 12:      0.9351     -0.1262      0.4045

    → Peak: Layer 5 (R²=0.4090)

  Seed 5:
    Extracting residual stream activations...
    Samples: 16384 (256 images × 64 patches)
    Feature dim: 768

      Layer     R²(row)     R²(col)    R²(mean)
    ---------------------------------------------
    Layer  1:      0.1592      0.0463      0.1027
    Layer  2:      0.3753     -0.0222      0.1765
    Layer  3:      0.6718     -0.0767      0.2975
    Layer  4:      0.8318     -0.1070      0.3624 ← L4
    Layer  5:      0.9009     -0.1226      0.3892
    Layer  6:      0.9235     -0.1425      0.3905
    Layer  7:      0.9329     -0.1586      0.3871
    Layer  8:      0.9315     -0.1642      0.3837
    Layer  9:      0.9282     -0.1575      0.3854
    Layer 10:      0.9269     -0.1606      0.3831
    Layer 11:      0.9232     -0.1507      0.3862
    Layer 12:      0.9215     -0.1366      0.3925

    → Peak: Layer 12 (R²=0.3925)

  Seed 7:
    Extracting residual stream activations...
    Samples: 16384 (256 images × 64 patches)
    Feature dim: 768

      Layer     R²(row)     R²(col)    R²(mean)
    ---------------------------------------------
    Layer  1:      0.1402      0.0774      0.1088
    Layer  2:      0.4319      0.0132      0.2226
    Layer  3:      0.6370     -0.0493      0.2938
    Layer  4:      0.8677     -0.0853      0.3912 ← L4
    Layer  5:      0.9232     -0.1052      0.4090
    Layer  6:      0.9468     -0.1264      0.4102
    Layer  7:      0.9485     -0.1289      0.4098
    Layer  8:      0.9489     -0.1327      0.4081
    Layer  9:      0.9473     -0.1327      0.4073
    Layer 10:      0.9456     -0.1294      0.4081
    Layer 11:      0.9421     -0.1235      0.4093
    Layer 12:      0.9399     -0.1116      0.4141

    → Peak: Layer 12 (R²=0.4141)

  Seed 11:
    Extracting residual stream activations...
    Samples: 16384 (256 images × 64 patches)
    Feature dim: 768

      Layer     R²(row)     R²(col)    R²(mean)
    ---------------------------------------------
    Layer  1:      0.1485      0.0616      0.1050
    Layer  2:      0.4261     -0.0125      0.2068
    Layer  3:      0.7297     -0.0550      0.3374
    Layer  4:      0.8808     -0.0858      0.3975 ← L4
    Layer  5:      0.9306     -0.1231      0.4038
    Layer  6:      0.9447     -0.1399      0.4024
    Layer  7:      0.9482     -0.1449      0.4016
    Layer  8:      0.9487     -0.1507      0.3990
    Layer  9:      0.9470     -0.1476      0.3997
    Layer 10:      0.9427     -0.1474      0.3977
    Layer 11:      0.9393     -0.1405      0.3994
    Layer 12:      0.9346     -0.1418      0.3964

    → Peak: Layer 5 (R²=0.4038)

  Seed 13:
    Extracting residual stream activations...
    Samples: 16384 (256 images × 64 patches)
    Feature dim: 768

      Layer     R²(row)     R²(col)    R²(mean)
    ---------------------------------------------
    Layer  1:      0.1518      0.0759      0.1138
    Layer  2:      0.3769     -0.0094      0.1838
    Layer  3:      0.6311     -0.0649      0.2831
    Layer  4:      0.8454     -0.0890      0.3782 ← L4
    Layer  5:      0.9059     -0.1001      0.4029
    Layer  6:      0.9309     -0.1049      0.4130
    Layer  7:      0.9362     -0.1221      0.4070
    Layer  8:      0.9400     -0.1293      0.4053
    Layer  9:      0.9369     -0.1350      0.4009
    Layer 10:      0.9353     -0.1289      0.4032
    Layer 11:      0.9325     -0.1288      0.4018
    Layer 12:      0.9292     -0.1100      0.4096

    → Peak: Layer 6 (R²=0.4130)

  Seed 21:
    Extracting residual stream activations...
    Samples: 16384 (256 images × 64 patches)
    Feature dim: 768

      Layer     R²(row)     R²(col)    R²(mean)
    ---------------------------------------------
    Layer  1:      0.1352      0.0675      0.1014
    Layer  2:      0.3290     -0.0038      0.1626
    Layer  3:      0.6087     -0.0538      0.2774
    Layer  4:      0.8900     -0.0772      0.4064 ← L4
    Layer  5:      0.9340     -0.1039      0.4150
    Layer  6:      0.9519     -0.1225      0.4147
    Layer  7:      0.9520     -0.1251      0.4134
    Layer  8:      0.9496     -0.1294      0.4101
    Layer  9:      0.9460     -0.1258      0.4101
    Layer 10:      0.9433     -0.1192      0.4121
    Layer 11:      0.9400     -0.1183      0.4109
    Layer 12:      0.9357     -0.1154      0.4102

    → Peak: Layer 5 (R²=0.4150)

  Seed 42:
    Extracting residual stream activations...
    Samples: 16384 (256 images × 64 patches)
    Feature dim: 768

      Layer     R²(row)     R²(col)    R²(mean)
    ---------------------------------------------
    Layer  1:      0.1444      0.0701      0.1072
    Layer  2:      0.2814     -0.0203      0.1306
    Layer  3:      0.5698     -0.0556      0.2571
    Layer  4:      0.8578     -0.0931      0.3824 ← L4
    Layer  5:      0.9205     -0.1104      0.4051
    Layer  6:      0.9422     -0.1353      0.4034
    Layer  7:      0.9497     -0.1279      0.4109
    Layer  8:      0.9519     -0.1372      0.4073
    Layer  9:      0.9518     -0.1343      0.4087
    Layer 10:      0.9504     -0.1440      0.4032
    Layer 11:      0.9492     -0.1391      0.4051
    Layer 12:      0.9455     -0.1403      0.4026

    → Peak: Layer 7 (R²=0.4109)

  Seed 99:
    Extracting residual stream activations...
    Samples: 16384 (256 images × 64 patches)
    Feature dim: 768

      Layer     R²(row)     R²(col)    R²(mean)
    ---------------------------------------------
    Layer  1:      0.1615      0.0833      0.1224
    Layer  2:      0.4258      0.0022      0.2140
    Layer  3:      0.6040     -0.0628      0.2706
    Layer  4:      0.7640     -0.0882      0.3379 ← L4
    Layer  5:      0.8992     -0.1134      0.3929
    Layer  6:      0.9337     -0.1297      0.4020
    Layer  7:      0.9458     -0.1610      0.3924
    Layer  8:      0.9470     -0.1592      0.3939
    Layer  9:      0.9429     -0.1680      0.3874
    Layer 10:      0.9386     -0.1594      0.3896
    Layer 11:      0.9352     -0.1474      0.3939
    Layer 12:      0.9321     -0.1346      0.3987

    → Peak: Layer 6 (R²=0.4020)

  Seed 123:
    Extracting residual stream activations...
    Samples: 16384 (256 images × 64 patches)
    Feature dim: 768

      Layer     R²(row)     R²(col)    R²(mean)
    ---------------------------------------------
    Layer  1:      0.1152      0.0628      0.0890
    Layer  2:      0.3971     -0.0362      0.1805
    Layer  3:      0.6282     -0.0745      0.2768
    Layer  4:      0.8802     -0.1063      0.3869 ← L4
    Layer  5:      0.9291     -0.1179      0.4056
    Layer  6:      0.9468     -0.1439      0.4015
    Layer  7:      0.9555     -0.1562      0.3996
    Layer  8:      0.9568     -0.1580      0.3994
    Layer  9:      0.9557     -0.1545      0.4006
    Layer 10:      0.9527     -0.1459      0.4034
    Layer 11:      0.9495     -0.1378      0.4059
    Layer 12:      0.9446     -0.1386      0.4030

    → Peak: Layer 11 (R²=0.4059)

  Seed 456:
    Extracting residual stream activations...
    Samples: 16384 (256 images × 64 patches)
    Feature dim: 768

      Layer     R²(row)     R²(col)    R²(mean)
    ---------------------------------------------
    Layer  1:      0.1595      0.0636      0.1115
    Layer  2:      0.4062     -0.0136      0.1963
    Layer  3:      0.7250     -0.0590      0.3330
    Layer  4:      0.8710     -0.0848      0.3931 ← L4
    Layer  5:      0.9126     -0.1134      0.3996
    Layer  6:      0.9308     -0.1352      0.3978
    Layer  7:      0.9362     -0.1482      0.3940
    Layer  8:      0.9371     -0.1595      0.3888
    Layer  9:      0.9350     -0.1666      0.3842
    Layer 10:      0.9337     -0.1502      0.3917
    Layer 11:      0.9307     -0.1426      0.3940
    Layer 12:      0.9298     -0.1333      0.3983

    → Peak: Layer 5 (R²=0.3996)

  Seed 2024:
    Extracting residual stream activations...
    Samples: 16384 (256 images × 64 patches)
    Feature dim: 768

      Layer     R²(row)     R²(col)    R²(mean)
    ---------------------------------------------
    Layer  1:      0.1491      0.0733      0.1112
    Layer  2:      0.4562      0.0056      0.2309
    Layer  3:      0.7468     -0.0463      0.3502
    Layer  4:      0.8479     -0.0756      0.3861 ← L4
    Layer  5:      0.9221     -0.1040      0.4090
    Layer  6:      0.9381     -0.1184      0.4099
    Layer  7:      0.9423     -0.1320      0.4052
    Layer  8:      0.9422     -0.1327      0.4047
    Layer  9:      0.9414     -0.1359      0.4027
    Layer 10:      0.9406     -0.1350      0.4028
    Layer 11:      0.9382     -0.1333      0.4024
    Layer 12:      0.9332     -0.1196      0.4068

    → Peak: Layer 6 (R²=0.4099)

  Seed 31337:
    Extracting residual stream activations...
    Samples: 16384 (256 images × 64 patches)
    Feature dim: 768

      Layer     R²(row)     R²(col)    R²(mean)
    ---------------------------------------------
    Layer  1:      0.1749      0.0862      0.1305
    Layer  2:      0.4885     -0.0182      0.2351
    Layer  3:      0.7677     -0.0829      0.3424
    Layer  4:      0.8913     -0.1000      0.3956 ← L4
    Layer  5:      0.9283     -0.1380      0.3952
    Layer  6:      0.9385     -0.1563      0.3911
    Layer  7:      0.9405     -0.1559      0.3923
    Layer  8:      0.9404     -0.1722      0.3841
    Layer  9:      0.9395     -0.1748      0.3824
    Layer 10:      0.9373     -0.1691      0.3841
    Layer 11:      0.9341     -0.1547      0.3897
    Layer 12:      0.9315     -0.1409      0.3953

    → Peak: Layer 4 (R²=0.3956)

  Saved to /content/drive/MyDrive/ads_protocol_robustness_cifar_n12/data/ads_probing_residual_cifar100_canonical_n12.json

=================================================================
RESIDUAL STREAM PROBING — SUMMARY
=================================================================

ALIBI — R²(mean) by layer (mean ± std, n=12 seeds: ['1', '5', '7', '11', '13', '21', '42', '99', '123', '456', '2024', '31337']):
    Layer        R²      ±std       
  Layer  1:    0.3971    0.0364  
  Layer  2:    0.4466    0.0376  
  Layer  3:    0.4800    0.0113  
  Layer  4:    0.4846    0.0056  ← PEAK  [L4]
  Layer  5:    0.4833    0.0046  
  Layer  6:    0.4805    0.0049  
  Layer  7:    0.4786    0.0038  
  Layer  8:    0.4774    0.0033  
  Layer  9:    0.4759    0.0038  
  Layer 10:    0.4743    0.0036  
  Layer 11:    0.4733    0.0045  
  Layer 12:    0.4720    0.0051  
  Peak per seed: [3, 5, 4, 4, 4, 5, 1, 5, 4, 4, 4, 6]
  Layer 4 R²: 0.4846 ± 0.0056
  Layer 4 is peak in 6/12 seeds

ALIBI_2D — R²(mean) by layer (mean ± std, n=12 seeds: ['1', '5', '7', '11', '13', '21', '42', '99', '123', '456', '2024', '31337']):
    Layer        R²      ±std       
  Layer  1:    0.1597    0.0150  
  Layer  2:    0.2133    0.0295  
  Layer  3:    0.2762    0.0308  
  Layer  4:    0.3825    0.0091  [L4]
  Layer  5:    0.4053    0.0085  
  Layer  6:    0.4105    0.0075  
  Layer  7:    0.4100    0.0098  
  Layer  8:    0.4113    0.0080  
  Layer  9:    0.4113    0.0079  ← PEAK
  Layer 10:    0.4102    0.0096  
  Layer 11:    0.4100    0.0086  
  Layer 12:    0.4094    0.0096  
  Peak per seed: [12, 9, 8, 10, 10, 10, 6, 6, 6, 7, 12, 8]
  Layer 4 R²: 0.3825 ± 0.0091
  Layer 4 is peak in 0/12 seeds

ALIBI_2D_MATCHED — R²(mean) by layer (mean ± std, n=12 seeds: ['1', '5', '7', '11', '13', '21', '42', '99', '123', '456', '2024', '31337']):
    Layer        R²      ±std       
  Layer  1:    0.1094    0.0104  
  Layer  2:    0.1974    0.0318  
  Layer  3:    0.3075    0.0372  
  Layer  4:    0.3850    0.0189  [L4]
  Layer  5:    0.4030    0.0076  
  Layer  6:    0.4034    0.0078  ← PEAK
  Layer  7:    0.4013    0.0084  
  Layer  8:    0.3984    0.0093  
  Layer  9:    0.3970    0.0100  
  Layer 10:    0.3980    0.0092  
  Layer 11:    0.3998    0.0076  
  Layer 12:    0.4027    0.0067  
  Peak per seed: [5, 12, 12, 5, 6, 5, 7, 6, 11, 5, 6, 4]
  Layer 4 R²: 0.3850 ± 0.0189
  Layer 4 is peak in 1/12 seeds

─────────────────────────────────────────────────────────────────
CROSS-PE PEAK LAYER SUMMARY:
PE           S  1  S  5  S  7  S 11  S 13  S 21  S 42  S 99  S123  S456  S202  S313    Mean
alibi            3     5     4     4     4     5     1     5     4     4     4     6     4.1
alibi_2d        12     9     8    10    10    10     6     6     6     7    12     8     8.7
alibi_2d_matched     5    12    12     5     6     5     7     6    11     5     6     4     7.0

✅ Residual stream probing complete!
